CRITICAL - 2023-10-01 04:15:44 --> Invalid file: "admin/adlogin/login.php"
in SYSTEMPATH\Exceptions\FrameworkException.php on line 39.
 1 SYSTEMPATH\View\View.php(214): CodeIgniter\Exceptions\FrameworkException::forInvalidFile('admin/adlogin/login.php')
 2 SYSTEMPATH\Common.php(1188): CodeIgniter\View\View->render('admin/adlogin/login', [], true)
 3 APPPATH\Controllers\LoginController.php(11): view('admin/adlogin/login')
 4 SYSTEMPATH\CodeIgniter.php(919): App\Controllers\LoginController->login()
 5 SYSTEMPATH\CodeIgniter.php(494): CodeIgniter\CodeIgniter->runController(Object(App\Controllers\LoginController))
 6 SYSTEMPATH\CodeIgniter.php(353): CodeIgniter\CodeIgniter->handleRequest(null, Object(Config\Cache), false)
 7 FCPATH\index.php(79): CodeIgniter\CodeIgniter->run()
 8 SYSTEMPATH\Commands\Server\rewrite.php(47): require_once('C:\\laragon\\www\\Chequito_AppD\\Chequito_AppD_Lab3\\public\\index.php')
CRITICAL - 2023-10-01 08:07:37 --> Unclosed '(' does not match '}'
in APPPATH\Controllers\LoginController.php on line 56.
 1 SYSTEMPATH\Autoloader\Autoloader.php(285): CodeIgniter\Autoloader\Autoloader->includeFile('C:\\laragon\\www\\Chequito_AppD\\Chequito_AppD_Lab3\\app\\Controllers\\LoginController.php')
 2 SYSTEMPATH\Autoloader\Autoloader.php(263): CodeIgniter\Autoloader\Autoloader->loadInNamespace('App\\Controllers\\LoginController')
 3 [internal function]: CodeIgniter\Autoloader\Autoloader->loadClass('App\\Controllers\\LoginController')
 4 SYSTEMPATH\CodeIgniter.php(877): class_exists('\\App\\Controllers\\LoginController', true)
 5 SYSTEMPATH\CodeIgniter.php(481): CodeIgniter\CodeIgniter->startController()
 6 SYSTEMPATH\CodeIgniter.php(353): CodeIgniter\CodeIgniter->handleRequest(null, Object(Config\Cache), false)
 7 FCPATH\index.php(79): CodeIgniter\CodeIgniter->run()
 8 SYSTEMPATH\Commands\Server\rewrite.php(47): require_once('C:\\laragon\\www\\Chequito_AppD\\Chequito_AppD_Lab3\\public\\index.php')
ERROR - 2023-10-01 08:25:36 --> Error connecting to the database: mysqli_sql_exception: Unknown database 'ecomm' in C:\laragon\www\Chequito_AppD\Chequito_AppD_Lab3\system\Database\MySQLi\Connection.php:185
Stack trace:
#0 C:\laragon\www\Chequito_AppD\Chequito_AppD_Lab3\system\Database\MySQLi\Connection.php(185): mysqli->real_connect('localhost', 'root', '', 'ecomm', 3306, '', 0)
#1 C:\laragon\www\Chequito_AppD\Chequito_AppD_Lab3\system\Database\BaseConnection.php(391): CodeIgniter\Database\MySQLi\Connection->connect(false)
#2 C:\laragon\www\Chequito_AppD\Chequito_AppD_Lab3\system\Database\BaseConnection.php(574): CodeIgniter\Database\BaseConnection->initialize()
#3 C:\laragon\www\Chequito_AppD\Chequito_AppD_Lab3\system\Database\BaseBuilder.php(1615): CodeIgniter\Database\BaseConnection->query('SELECT *\nFROM `...', Array, false)
#4 C:\laragon\www\Chequito_AppD\Chequito_AppD_Lab3\system\Model.php(264): CodeIgniter\Database\BaseBuilder->get()
#5 C:\laragon\www\Chequito_AppD\Chequito_AppD_Lab3\system\BaseModel.php(662): CodeIgniter\Model->doFirst()
#6 C:\laragon\www\Chequito_AppD\Chequito_AppD_Lab3\app\Controllers\LoginController.php(36): CodeIgniter\BaseModel->first()
#7 C:\laragon\www\Chequito_AppD\Chequito_AppD_Lab3\system\CodeIgniter.php(919): App\Controllers\LoginController->authlogin()
#8 C:\laragon\www\Chequito_AppD\Chequito_AppD_Lab3\system\CodeIgniter.php(494): CodeIgniter\CodeIgniter->runController(Object(App\Controllers\LoginController))
#9 C:\laragon\www\Chequito_AppD\Chequito_AppD_Lab3\system\CodeIgniter.php(353): CodeIgniter\CodeIgniter->handleRequest(NULL, Object(Config\Cache), false)
#10 C:\laragon\www\Chequito_AppD\Chequito_AppD_Lab3\public\index.php(79): CodeIgniter\CodeIgniter->run()
#11 C:\laragon\www\Chequito_AppD\Chequito_AppD_Lab3\system\Commands\Server\rewrite.php(47): require_once('C:\\laragon\\www\\...')
#12 {main}

Next CodeIgniter\Database\Exceptions\DatabaseException: Unknown database 'ecomm' in C:\laragon\www\Chequito_AppD\Chequito_AppD_Lab3\system\Database\MySQLi\Connection.php:229
Stack trace:
#0 C:\laragon\www\Chequito_AppD\Chequito_AppD_Lab3\system\Database\BaseConnection.php(391): CodeIgniter\Database\MySQLi\Connection->connect(false)
#1 C:\laragon\www\Chequito_AppD\Chequito_AppD_Lab3\system\Database\BaseConnection.php(574): CodeIgniter\Database\BaseConnection->initialize()
#2 C:\laragon\www\Chequito_AppD\Chequito_AppD_Lab3\system\Database\BaseBuilder.php(1615): CodeIgniter\Database\BaseConnection->query('SELECT *\nFROM `...', Array, false)
#3 C:\laragon\www\Chequito_AppD\Chequito_AppD_Lab3\system\Model.php(264): CodeIgniter\Database\BaseBuilder->get()
#4 C:\laragon\www\Chequito_AppD\Chequito_AppD_Lab3\system\BaseModel.php(662): CodeIgniter\Model->doFirst()
#5 C:\laragon\www\Chequito_AppD\Chequito_AppD_Lab3\app\Controllers\LoginController.php(36): CodeIgniter\BaseModel->first()
#6 C:\laragon\www\Chequito_AppD\Chequito_AppD_Lab3\system\CodeIgniter.php(919): App\Controllers\LoginController->authlogin()
#7 C:\laragon\www\Chequito_AppD\Chequito_AppD_Lab3\system\CodeIgniter.php(494): CodeIgniter\CodeIgniter->runController(Object(App\Controllers\LoginController))
#8 C:\laragon\www\Chequito_AppD\Chequito_AppD_Lab3\system\CodeIgniter.php(353): CodeIgniter\CodeIgniter->handleRequest(NULL, Object(Config\Cache), false)
#9 C:\laragon\www\Chequito_AppD\Chequito_AppD_Lab3\public\index.php(79): CodeIgniter\CodeIgniter->run()
#10 C:\laragon\www\Chequito_AppD\Chequito_AppD_Lab3\system\Commands\Server\rewrite.php(47): require_once('C:\\laragon\\www\\...')
#11 {main}
CRITICAL - 2023-10-01 08:25:36 --> Unable to connect to the database.
Main connection [MySQLi]: Unknown database 'ecomm'
in SYSTEMPATH\Database\BaseConnection.php on line 427.
 1 SYSTEMPATH\Database\BaseConnection.php(574): CodeIgniter\Database\BaseConnection->initialize()
 2 SYSTEMPATH\Database\BaseBuilder.php(1615): CodeIgniter\Database\BaseConnection->query('SELECT *
FROM `admin`
WHERE `username` = :username:
 LIMIT 1', [...], false)
 3 SYSTEMPATH\Model.php(264): CodeIgniter\Database\BaseBuilder->get()
 4 SYSTEMPATH\BaseModel.php(662): CodeIgniter\Model->doFirst()
 5 APPPATH\Controllers\LoginController.php(36): CodeIgniter\BaseModel->first()
 6 SYSTEMPATH\CodeIgniter.php(919): App\Controllers\LoginController->authlogin()
 7 SYSTEMPATH\CodeIgniter.php(494): CodeIgniter\CodeIgniter->runController(Object(App\Controllers\LoginController))
 8 SYSTEMPATH\CodeIgniter.php(353): CodeIgniter\CodeIgniter->handleRequest(null, Object(Config\Cache), false)
 9 FCPATH\index.php(79): CodeIgniter\CodeIgniter->run()
10 SYSTEMPATH\Commands\Server\rewrite.php(47): require_once('C:\\laragon\\www\\Chequito_AppD\\Chequito_AppD_Lab3\\public\\index.php')
